2022-12-07T00:08:39+00:00 DEBUG POST: https://ads.tiktok.com/marketing_api/api/developer/app/create_auto_approve/

{"business_platform":"PROD","smb_id":"tt4b_woocommerce_638fd98717879httplocalhostkidapwaterwp-admin","smb_name":"PROD","redirect_url":"http:\/\/localhost\/kidapwater\/wp-admin\/"}

2022-12-07T00:08:44+00:00 ERROR Tt4b_Mapi_Class::create_open_source_app: Response: 

http_request_failed: cURL error 28: Operation timed out after 5013 milliseconds with 0 bytes received

2022-12-07T00:08:49+00:00 ERROR Tt4b_Mapi_Class::create_open_source_app: Response: 

http_request_failed: cURL error 28: Operation timed out after 5008 milliseconds with 0 bytes received

2022-12-07T00:08:49+00:00 DEBUG Tt4b_Mapi_Class::create_open_source_app: Response: 

HTTP/1.1 200 OK
Server: nginx
Content-Type: application/json
X-Tt-Logid: 202212070009000102450020540601E39E,202212070009000102450020540601E39E
Server-Timing: inner; dur=30
x-tt-trace-host: 0114c300bed5cf62a3b31882ebc6fe6c4de485cc536724e0f1351b63af0876f7f0754386288a98ad4a8c9d6d103ecca15e6b5360bb56045ad4731d1792c6c82eec417f192d75720b13825c457f4165c605
Content-Encoding: gzip
Date: Wed, 07 Dec 2022 00:09:00 GMT
Content-Length: 208
X-Cache: TCP_MISS from a202-138-179-175.deploy.akamaitechnologies.com (AkamaiGHost/10.10.2-45048955) (-)
Connection: close
Vary: Accept-Encoding
x-tt-trace-tag: id=16;cdn-cache=miss;type=dyn
Server-Timing: cdn-cache; desc=MISS, edge; dur=2, origin; dur=69
X-Origin-Response-Time: 69,202.138.179.175
X-Akamai-Request-ID: 43fe879d

{"code":0,"msg":"ok","data":{"redirect_uri":"http:\/\/localhost\/kidapwater\/wp-admin\/","app_id":"7174191955608354817","external_data_key":"2dd558f5-398c-48e2-b549-6f859aa0a4fc","app_secret":"446eebabb73a07f8b98d2b77b24f09672f199538"}}

2022-12-07T00:22:13+00:00 DEBUG tt4b_product_sync: missing access token for tt4b_product_sync
2022-12-07T00:22:14+00:00 DEBUG tt4b_product_sync: missing access token for tt4b_product_sync
2022-12-07T00:25:14+00:00 DEBUG tt4b_product_sync: missing access token for tt4b_product_sync
2022-12-07T00:27:15+00:00 DEBUG tt4b_product_sync: missing access token for tt4b_product_sync
2022-12-07T00:30:32+00:00 DEBUG tt4b_product_sync: missing access token for tt4b_product_sync
2022-12-07T00:40:35+00:00 DEBUG tt4b_product_sync: missing access token for tt4b_product_sync
2022-12-07T00:40:49+00:00 DEBUG Tt4b_Pixel_Class::inject_view_content_event: hit injectViewContentEvent
2022-12-07T00:40:49+00:00 DEBUG Tt4b_Pixel_Class::inject_view_content_event: Missing option "access_token"
2022-12-07T00:45:22+00:00 DEBUG Tt4b_Pixel_Class::inject_add_to_cart_event: hit injectAddToCartEvent
2022-12-07T00:45:22+00:00 DEBUG Tt4b_Pixel_Class::inject_add_to_cart_event: Missing option "access_token"
2022-12-07T00:49:18+00:00 DEBUG POST: https://business-api.tiktok.com/open_api/v1.2/tbp/business_profile/disconnect/

{"external_business_id":"tt4b_woocommerce_638fd98717879","business_platform":"WOO_COMMERCE","is_setup_page":0,"app_id":"7174191955608354817"}

2022-12-07T00:49:19+00:00 DEBUG Tt4b_Mapi_Class::mapi_post: Response: 

HTTP/1.1 200 OK
Server: nginx
Content-Type: application/json; charset=utf-8
Content-Length: 103
X-Api-Deprecation-Info: API for Business Version 1.3 is now live. To avoid disruption to your business, we recommend you migrate all calls to v1.3 as soon as possible. Please visit our migration guide for more details: https://ads.tiktok.com/marketing_api/docs?id=1740029169927169
X-Domain-Change-Info: We have moved to the new domain business-api.tiktok.com for API services after the Platform Upgrade on 09/30/2021. Please update all of your requests with the new domain if you haven't done so already. For more information, please visit https://ads.tiktok.com/marketing_api/docs?rid=esb88xalm6m&id=1709207085043713
X-Tt-Logid: 202212070049300102452461632001EF09
x-tt-trace-host: 0114c300bed5cf62a3b31882ebc6fe6c4ddee5adff54a3708dfb5d8a9f8b209c58e9c4c1f28179ef45ad2e6eb1d4fc573549d5e02c56670505382b94e1694fd94398be99ea7ca7505657387144120a3861d0c5947aae17a564f84bb5c0d0f61f5e
X-Origin-Response-Time: 10,23.48.107.7
X-Akamai-Request-ID: 4fce4138.3063f1d2
Expires: Wed, 07 Dec 2022 00:49:30 GMT
Cache-Control: max-age=0, no-cache, no-store
Pragma: no-cache
Date: Wed, 07 Dec 2022 00:49:30 GMT
X-Cache: TCP_MISS from a202-138-179-148.deploy.akamaitechnologies.com (AkamaiGHost/10.10.2-45048955) (-)
Connection: close
X-Cache-Remote: TCP_MISS from a23-48-107-7.deploy.akamaitechnologies.com (AkamaiGHost/10.10.2-45048955) (-)
x-tt-trace-tag: id=16;cdn-cache=miss;type=dyn
Server-Timing: cdn-cache; desc=MISS, edge; dur=30, origin; dur=10
Server-Timing: inner; dur=4
X-Parent-Response-Time: 40,202.138.179.148

{"code":40104,"message":"The access_token is empty.","request_id":"202212070049300102452461632001EF09"}

2022-12-07T00:49:19+00:00 DEBUG POST: https://business-api.tiktok.com/tbp/v2.0/shop/connection/disconnect?external_data=

--- EMPTY STRING ---

2022-12-07T00:49:19+00:00 DEBUG Tt4b_Mapi_Class::tts_shop_disconnect: Response: 

HTTP/1.1 200 OK
Server: nginx
Content-Type: application/json; charset=utf-8
Content-Length: 95
X-Api-Deprecation-Info: API for Business Version 1.3 is now live. To avoid disruption to your business, we recommend you migrate all calls to v1.3 as soon as possible. Please visit our migration guide for more details: https://ads.tiktok.com/marketing_api/docs?id=1740029169927169
X-Domain-Change-Info: We have moved to the new domain business-api.tiktok.com for API services after the Platform Upgrade on 09/30/2021. Please update all of your requests with the new domain if you haven't done so already. For more information, please visit https://ads.tiktok.com/marketing_api/docs?rid=esb88xalm6m&id=1709207085043713
X-Tt-Logid: 202212070049300102452431071001DFAA
x-tt-trace-host: 0114c300bed5cf62a3b31882ebc6fe6c4ddee5adff54a3708dfb5d8a9f8b209c58fdd2aea41a5dcd5c20405b73d0e014970a4927d58a46f8ea8b7c478e311675e383c8b7c69ac98113e592954013783b94fb0e3ba8bcdc142b2dc1e204e7a57c72
X-Origin-Response-Time: 15,23.53.33.172
X-Akamai-Request-ID: c31933ba.3063f4f1
Expires: Wed, 07 Dec 2022 00:49:31 GMT
Cache-Control: max-age=0, no-cache, no-store
Pragma: no-cache
Date: Wed, 07 Dec 2022 00:49:31 GMT
X-Cache: TCP_MISS from a202-138-179-148.deploy.akamaitechnologies.com (AkamaiGHost/10.10.2-45048955) (-)
Connection: close
X-Cache-Remote: TCP_MISS from a23-53-33-172.deploy.akamaitechnologies.com (AkamaiGHost/10.10.2-45048955) (-)
x-tt-trace-tag: id=16;cdn-cache=miss;type=dyn
Server-Timing: cdn-cache; desc=MISS, edge; dur=41, origin; dur=15
Server-Timing: inner; dur=9
X-Parent-Response-Time: 56,202.138.179.148

{"code":40001,"message":"Permission denied.","request_id":"202212070049300102452431071001DFAA"}

